This is pdfTeX, Version 3.14159265-2.6-1.40.18 (MiKTeX 2.9.6350 64-bit) (preloaded format=pdflatex 2017.10.30)  16 NOV 2017 17:51
entering extended mode
**./arithmatic.tex
(arithmatic.tex
LaTeX2e <2017-04-15>
Babel <3.10> and hyphenation patterns for 75 language(s) loaded.

("C:\Users\Winterfell\AppData\Local\Programs\MiKTeX 2.9\tex\latex\base\article.
cls"
Document Class: article 2014/09/29 v1.4h Standard LaTeX document class

("C:\Users\Winterfell\AppData\Local\Programs\MiKTeX 2.9\tex\latex\base\size10.c
lo"
File: size10.clo 2014/09/29 v1.4h Standard LaTeX file (size option)
)
\c@part=\count79
\c@section=\count80
\c@subsection=\count81
\c@subsubsection=\count82
\c@paragraph=\count83
\c@subparagraph=\count84
\c@figure=\count85
\c@table=\count86
\abovecaptionskip=\skip41
\belowcaptionskip=\skip42
\bibindent=\dimen102
)
("C:\Users\Winterfell\AppData\Local\Programs\MiKTeX 2.9\tex\latex\graphics\grap
hicx.sty"
Package: graphicx 2014/10/28 v1.0g Enhanced LaTeX Graphics (DPC,SPQR)

("C:\Users\Winterfell\AppData\Local\Programs\MiKTeX 2.9\tex\latex\graphics\keyv
al.sty"
Package: keyval 2014/10/28 v1.15 key=value parser (DPC)
\KV@toks@=\toks14
)
("C:\Users\Winterfell\AppData\Local\Programs\MiKTeX 2.9\tex\latex\graphics\grap
hics.sty"
Package: graphics 2017/04/14 v1.1b Standard LaTeX Graphics (DPC,SPQR)

("C:\Users\Winterfell\AppData\Local\Programs\MiKTeX 2.9\tex\latex\graphics\trig
.sty"
Package: trig 2016/01/03 v1.10 sin cos tan (DPC)
)
("C:\Users\Winterfell\AppData\Local\Programs\MiKTeX 2.9\tex\latex\graphics-cfg\
graphics.cfg"
File: graphics.cfg 2016/06/04 v1.11 sample graphics configuration
)
Package graphics Info: Driver file: pdftex.def on input line 99.

("C:\Users\Winterfell\AppData\Local\Programs\MiKTeX 2.9\tex\latex\graphics-def\
pdftex.def"
File: pdftex.def 2017/01/12 v0.06k Graphics/color for pdfTeX

("C:\Users\Winterfell\AppData\Local\Programs\MiKTeX 2.9\tex\generic\oberdiek\in
fwarerr.sty"
Package: infwarerr 2016/05/16 v1.4 Providing info/warning/error messages (HO)
)
("C:\Users\Winterfell\AppData\Local\Programs\MiKTeX 2.9\tex\generic\oberdiek\lt
xcmds.sty"
Package: ltxcmds 2016/05/16 v1.23 LaTeX kernel commands for general use (HO)
)
\Gread@gobject=\count87
))
\Gin@req@height=\dimen103
\Gin@req@width=\dimen104
)
("C:\Users\Winterfell\AppData\Local\Programs\MiKTeX 2.9\tex\latex\graphics\colo
r.sty"
Package: color 2016/07/10 v1.1e Standard LaTeX Color (DPC)

("C:\Users\Winterfell\AppData\Local\Programs\MiKTeX 2.9\tex\latex\graphics-cfg\
color.cfg"
File: color.cfg 2016/01/02 v1.6 sample color configuration
)
Package color Info: Driver file: pdftex.def on input line 147.
) (framed.sty
Package: framed 2011/10/22 v 0.96: framed or shaded text with page breaks
\OuterFrameSep=\skip43
\fb@frw=\dimen105
\fb@frh=\dimen106
\FrameRule=\dimen107
\FrameSep=\dimen108
)
("C:\Users\Winterfell\AppData\Local\Programs\MiKTeX 2.9\tex\latex\base\alltt.st
y"
Package: alltt 1997/06/16 v2.0g defines alltt environment
)
("C:\Users\Winterfell\AppData\Local\Programs\MiKTeX 2.9\tex\latex\upquote\upquo
te.sty"
Package: upquote 2012/04/19 v1.3 upright-quote and grave-accent glyphs in verba
tim
) (arithmatic.aux)
\openout1 = `arithmatic.aux'.

LaTeX Font Info:    Checking defaults for OML/cmm/m/it on input line 53.
LaTeX Font Info:    ... okay on input line 53.
LaTeX Font Info:    Checking defaults for T1/cmr/m/n on input line 53.
LaTeX Font Info:    ... okay on input line 53.
LaTeX Font Info:    Checking defaults for OT1/cmr/m/n on input line 53.
LaTeX Font Info:    ... okay on input line 53.
LaTeX Font Info:    Checking defaults for OMS/cmsy/m/n on input line 53.
LaTeX Font Info:    ... okay on input line 53.
LaTeX Font Info:    Checking defaults for OMX/cmex/m/n on input line 53.
LaTeX Font Info:    ... okay on input line 53.
LaTeX Font Info:    Checking defaults for U/cmr/m/n on input line 53.
LaTeX Font Info:    ... okay on input line 53.

("C:\Users\Winterfell\AppData\Local\Programs\MiKTeX 2.9\tex\context\base\supp-p
df.mkii"
[Loading MPS to PDF converter (version 2006.09.02).]
\scratchcounter=\count88
\scratchdimen=\dimen109
\scratchbox=\box26
\nofMPsegments=\count89
\nofMParguments=\count90
\everyMPshowfont=\toks15
\MPscratchCnt=\count91
\MPscratchDim=\dimen110
\MPnumerator=\count92
\makeMPintoPDFobject=\count93
\everyMPtoPDFconversion=\toks16
)
("C:\Users\Winterfell\AppData\Local\Programs\MiKTeX 2.9\tex\generic\oberdiek\pd
ftexcmds.sty"
Package: pdftexcmds 2017/03/19 v0.25 Utility functions of pdfTeX for LuaTeX (HO
)

("C:\Users\Winterfell\AppData\Local\Programs\MiKTeX 2.9\tex\generic\oberdiek\if
luatex.sty"
Package: ifluatex 2016/05/16 v1.4 Provides the ifluatex switch (HO)
Package ifluatex Info: LuaTeX not detected.
)
("C:\Users\Winterfell\AppData\Local\Programs\MiKTeX 2.9\tex\generic\oberdiek\if
pdf.sty"
Package: ifpdf 2017/03/15 v3.2 Provides the ifpdf switch
)
Package pdftexcmds Info: LuaTeX not detected.
Package pdftexcmds Info: \pdf@primitive is available.
Package pdftexcmds Info: \pdf@ifprimitive is available.
Package pdftexcmds Info: \pdfdraftmode found.
)
("C:\Users\Winterfell\AppData\Local\Programs\MiKTeX 2.9\tex\latex\oberdiek\epst
opdf-base.sty"
Package: epstopdf-base 2016/05/15 v2.6 Base part for package epstopdf

("C:\Users\Winterfell\AppData\Local\Programs\MiKTeX 2.9\tex\latex\oberdiek\grfe
xt.sty"
Package: grfext 2016/05/16 v1.2 Manage graphics extensions (HO)

("C:\Users\Winterfell\AppData\Local\Programs\MiKTeX 2.9\tex\generic\oberdiek\kv
definekeys.sty"
Package: kvdefinekeys 2016/05/16 v1.4 Define keys (HO)
))
("C:\Users\Winterfell\AppData\Local\Programs\MiKTeX 2.9\tex\latex\oberdiek\kvop
tions.sty"
Package: kvoptions 2016/05/16 v3.12 Key value format for package options (HO)

("C:\Users\Winterfell\AppData\Local\Programs\MiKTeX 2.9\tex\generic\oberdiek\kv
setkeys.sty"
Package: kvsetkeys 2016/05/16 v1.17 Key value parser (HO)

("C:\Users\Winterfell\AppData\Local\Programs\MiKTeX 2.9\tex\generic\oberdiek\et
excmds.sty"
Package: etexcmds 2016/05/16 v1.6 Avoid name clashes with e-TeX commands (HO)
Package etexcmds Info: Could not find \expanded.
(etexcmds)             That can mean that you are not using pdfTeX 1.50 or
(etexcmds)             that some package has redefined \expanded.
(etexcmds)             In the latter case, load this package earlier.
)))
Package epstopdf-base Info: Redefining graphics rule for `.eps' on input line 4
38.
Package grfext Info: Graphics extension search list:
(grfext)             [.png,.pdf,.jpg,.mps,.jpeg,.jbig2,.jb2,.PNG,.PDF,.JPG,.JPE
G,.JBIG2,.JB2,.eps]
(grfext)             \AppendGraphicsExtensions on input line 456.
)
LaTeX Font Info:    External font `cmex10' loaded for size
(Font)              <12> on input line 57.
LaTeX Font Info:    External font `cmex10' loaded for size
(Font)              <8> on input line 57.
LaTeX Font Info:    External font `cmex10' loaded for size
(Font)              <6> on input line 57.
Package color Info: Redefining color shadecolor on input line 67.
Package color Info: Redefining color shadecolor on input line 84.
Package color Info: Redefining color shadecolor on input line 101.
 [1

{C:/Users/Winterfell/AppData/Local/MiKTeX/2.9/pdftex/config/pdftex.map}]
Package color Info: Redefining color shadecolor on input line 120.
Package color Info: Redefining color shadecolor on input line 138.
LaTeX Font Info:    Font shape `OT1/cmtt/bx/n' in size <10> not available
(Font)              Font shape `OT1/cmtt/m/n' tried instead on input line 140.
Package color Info: Redefining color shadecolor on input line 147.

Overfull \hbox (59.24648pt too wide) in paragraph at lines 159--159
[]\OT1/cmtt/m/n/10 ##  [1]  1.0  1.1  1.2  1.3  1.4  1.5  1.6  1.7  1.8  1.9  2
.0  2.1  2.2  2.3[] 
 []


Overfull \hbox (59.24648pt too wide) in paragraph at lines 159--159
[]\OT1/cmtt/m/n/10 ## [15]  2.4  2.5  2.6  2.7  2.8  2.9  3.0  3.1  3.2  3.3  3
.4  3.5  3.6  3.7[] 
 []


Overfull \hbox (59.24648pt too wide) in paragraph at lines 159--159
[]\OT1/cmtt/m/n/10 ## [29]  3.8  3.9  4.0  4.1  4.2  4.3  4.4  4.5  4.6  4.7  4
.8  4.9  5.0  5.1[] 
 []


Overfull \hbox (59.24648pt too wide) in paragraph at lines 159--159
[]\OT1/cmtt/m/n/10 ## [43]  5.2  5.3  5.4  5.5  5.6  5.7  5.8  5.9  6.0  6.1  6
.2  6.3  6.4  6.5[] 
 []


Overfull \hbox (59.24648pt too wide) in paragraph at lines 159--159
[]\OT1/cmtt/m/n/10 ## [57]  6.6  6.7  6.8  6.9  7.0  7.1  7.2  7.3  7.4  7.5  7
.6  7.7  7.8  7.9[] 
 []


Overfull \hbox (59.24648pt too wide) in paragraph at lines 159--159
[]\OT1/cmtt/m/n/10 ## [71]  8.0  8.1  8.2  8.3  8.4  8.5  8.6  8.7  8.8  8.9  9
.0  9.1  9.2  9.3[] 
 []

Package color Info: Redefining color shadecolor on input line 165.
Package color Info: Redefining color shadecolor on input line 174.

Overfull \hbox (59.24648pt too wide) in paragraph at lines 186--186
[]\OT1/cmtt/m/n/10 ##  [1]  1.0  1.1  1.2  1.3  1.4  1.5  1.6  1.7  1.8  1.9  2
.0  2.1  2.2  2.3[] 
 []


Overfull \hbox (59.24648pt too wide) in paragraph at lines 186--186
[]\OT1/cmtt/m/n/10 ## [15]  2.4  2.5  2.6  2.7  2.8  2.9  3.0  3.1  3.2  3.3  3
.4  3.5  3.6  3.7[] 
 []


Overfull \hbox (59.24648pt too wide) in paragraph at lines 186--186
[]\OT1/cmtt/m/n/10 ## [29]  3.8  3.9  4.0  4.1  4.2  4.3  4.4  4.5  4.6  4.7  4
.8  4.9  5.0  5.1[] 
 []


Overfull \hbox (59.24648pt too wide) in paragraph at lines 186--186
[]\OT1/cmtt/m/n/10 ## [43]  5.2  5.3  5.4  5.5  5.6  5.7  5.8  5.9  6.0  6.1  6
.2  6.3  6.4  6.5[] 
 []


Overfull \hbox (59.24648pt too wide) in paragraph at lines 186--186
[]\OT1/cmtt/m/n/10 ## [57]  6.6  6.7  6.8  6.9  7.0  7.1  7.2  7.3  7.4  7.5  7
.6  7.7  7.8  7.9[] 
 []


Overfull \hbox (59.24648pt too wide) in paragraph at lines 186--186
[]\OT1/cmtt/m/n/10 ## [71]  8.0  8.1  8.2  8.3  8.4  8.5  8.6  8.7  8.8  8.9  9
.0  9.1  9.2  9.3[] 
 []

[2]
Package color Info: Redefining color shadecolor on input line 192.
 [3]
Underfull \vbox (badness 10000) detected at line 291
 []


Underfull \vbox (badness 10000) detected at line 291
 []

[4]
LaTeX Font Info:    External font `cmex10' loaded for size
(Font)              <7> on input line 293.
LaTeX Font Info:    External font `cmex10' loaded for size
(Font)              <5> on input line 293.
Package color Info: Redefining color shadecolor on input line 296.
 <figure/unnamed-chunk-10-1.pdf, id=22, 505.89pt x 505.89pt>
File: figure/unnamed-chunk-10-1.pdf Graphic file (type pdf)

<use figure/unnamed-chunk-10-1.pdf>
Package pdftex.def Info: figure/unnamed-chunk-10-1.pdf used on input line 303.
(pdftex.def)             Requested size: 345.0pt x 345.00414pt.

Overfull \hbox (15.0pt too wide) in paragraph at lines 303--304
[][] 
 []

[5] [6 <./figure/unnamed-chunk-10-1.pdf>] (arithmatic.aux) ) 
Here is how much of TeX's memory you used:
 1641 strings out of 493323
 24603 string characters out of 3127844
 93968 words of memory out of 3000000
 5171 multiletter control sequences out of 15000+200000
 8401 words of font info for 30 fonts, out of 3000000 for 9000
 1141 hyphenation exceptions out of 8191
 39i,8n,25p,290b,248s stack positions out of 5000i,500n,10000p,200000b,50000s
<C:/Users/Winterfel
l/AppData/Local/Programs/MiKTeX 2.9/fonts/type1/public/amsfonts/cm/cmbx12.pfb><
C:/Users/Winterfell/AppData/Local/Programs/MiKTeX 2.9/fonts/type1/public/amsfon
ts/cm/cmbx9.pfb><C:/Users/Winterfell/AppData/Local/Programs/MiKTeX 2.9/fonts/ty
pe1/public/amsfonts/cm/cmr10.pfb><C:/Users/Winterfell/AppData/Local/Programs/Mi
KTeX 2.9/fonts/type1/public/amsfonts/cm/cmr12.pfb><C:/Users/Winterfell/AppData/
Local/Programs/MiKTeX 2.9/fonts/type1/public/amsfonts/cm/cmr17.pfb><C:/Users/Wi
nterfell/AppData/Local/Programs/MiKTeX 2.9/fonts/type1/public/amsfonts/cm/cmr6.
pfb><C:/Users/Winterfell/AppData/Local/Programs/MiKTeX 2.9/fonts/type1/public/a
msfonts/cm/cmr7.pfb><C:/Users/Winterfell/AppData/Local/Programs/MiKTeX 2.9/font
s/type1/public/amsfonts/cm/cmr8.pfb><C:/Users/Winterfell/AppData/Local/Programs
/MiKTeX 2.9/fonts/type1/public/amsfonts/cm/cmr9.pfb><C:/Users/Winterfell/AppDat
a/Local/Programs/MiKTeX 2.9/fonts/type1/public/amsfonts/cm/cmti10.pfb><C:/Users
/Winterfell/AppData/Local/Programs/MiKTeX 2.9/fonts/type1/public/amsfonts/cm/cm
tt10.pfb>
Output written on arithmatic.pdf (6 pages, 142256 bytes).
PDF statistics:
 71 PDF objects out of 1000 (max. 8388607)
 0 named destinations out of 1000 (max. 500000)
 6 words of extra memory for PDF output out of 10000 (max. 10000000)

